<?xml version="1.0" encoding="UTF-8"?>
<!-- Generated by org.testng.reporters.JUnitXMLReporter -->
<testsuite hostname="eminism" ignored="0" name="Test" tests="4" failures="0" timestamp="2020-04-11T21:42:32 EDT" time="0.081" errors="0">
  <testcase name="test1" time="0.011" classname="demo.TestNGGroupsDemo"/>
  <testcase name="test2" time="0.001" classname="demo.TestNGGroupsDemo"/>
  <testcase name="test3" time="0.001" classname="demo.TestNGGroupsDemo"/>
  <testcase name="test4" time="0.002" classname="demo.TestNGGroupsDemo"/>
</testsuite> <!-- Test -->
